Added Component: Designator=*(Arduino Nano - duplicate)
Added Component: Designator=U?(FP-N0020A-MFG)
Add component (AddParameter): Name = "Case/Package"; Value = "PDIP"; VariantName = "[No Variations]"
Add component (AddParameter): Name = "Contact Plating"; Value = "Gold"; VariantName = "[No Variations]"
Add component (AddParameter): Name = "Direction"; Value = "Unidirectional"; VariantName = "[No Variations]"
Add component (AddParameter): Name = "Height"; Value = "4.57mm"; VariantName = "[No Variations]"
Add component (AddParameter): Name = "Lead Free"; Value = "Lead Free"; VariantName = "[No Variations]"
Add component (AddParameter): Name = "Length"; Value = "24.33mm"; VariantName = "[No Variations]"
Add component (AddParameter): Name = "Logic Function"; Value = "Shift Register"; VariantName = "[No Variations]"
Add component (AddParameter): Name = "Max Operating Temperature"; Value = "125°C"; VariantName = "[No Variations]"
Add component (AddParameter): Name = "Max Supply Voltage"; Value = "5.5V"; VariantName = "[No Variations]"
Add component (AddParameter): Name = "Min Operating Temperature"; Value = "-40°C"; VariantName = "[No Variations]"
Add component (AddParameter): Name = "Min Supply Voltage"; Value = "4.5V"; VariantName = "[No Variations]"
Add component (AddParameter): Name = "Mount"; Value = "Through Hole"; VariantName = "[No Variations]"
Add component (AddParameter): Name = "Number of Bits"; Value = "8"; VariantName = "[No Variations]"
Add component (AddParameter): Name = "Number of Bits per Element"; Value = "8"; VariantName = "[No Variations]"
Add component (AddParameter): Name = "Number of Circuits"; Value = "1"; VariantName = "[No Variations]"
Add component (AddParameter): Name = "Number of Elements"; Value = "1"; VariantName = "[No Variations]"
Add component (AddParameter): Name = "Number of Input Lines"; Value = "1"; VariantName = "[No Variations]"
Add component (AddParameter): Name = "Number of Output Lines"; Value = "9"; VariantName = "[No Variations]"
Add component (AddParameter): Name = "Number of Outputs"; Value = "8"; VariantName = "[No Variations]"
Add component (AddParameter): Name = "Number of Pins"; Value = "20"; VariantName = "[No Variations]"
Add component (AddParameter): Name = "Operating Supply Voltage"; Value = "5V"; VariantName = "[No Variations]"
Add component (AddParameter): Name = "Output Voltage"; Value = "50V"; VariantName = "[No Variations]"
Add component (AddParameter): Name = "Package Quantity"; Value = "20"; VariantName = "[No Variations]"
Add component (AddParameter): Name = "Packaging"; Value = "Rail/Tube"; VariantName = "[No Variations]"
Add component (AddParameter): Name = "Propagation Delay"; Value = "200ns"; VariantName = "[No Variations]"
Add component (AddParameter): Name = "Radiation Hardening"; Value = "No"; VariantName = "[No Variations]"
Add component (AddParameter): Name = "REACH SVHC"; Value = "No SVHC"; VariantName = "[No Variations]"
Add component (AddParameter): Name = "RoHS Compliant"; Value = "Yes"; VariantName = "[No Variations]"
Add component (AddParameter): Name = "Turn-On Delay Time"; Value = "200ns"; VariantName = "[No Variations]"
Add component (AddParameter): Name = "Weight"; Value = "0.042297oz"; VariantName = "[No Variations]"
Add component (AddParameter): Name = "Width"; Value = "6.35mm"; VariantName = "[No Variations]"
Added Member To Class: ClassName=nixieClockSchematic Member=Component * Arduino Nano
Added Member To Class: ClassName=nixieClockSchematic Member=Component U? LT3757AEMSE#PBF
Added Member To Class: ClassName=nixieClockSchematic Member=Component U? TPIC6B595N
Added Member To Class: ClassName=nixieClockSchematic Member=Component U? TPIC6B595N
Added Member To Class: ClassName=nixieClockSchematic Member=Component U? TPIC6B595N
Added Member To Class: ClassName=nixieClockSchematic Member=Component U? TPIC6B595N
